<?xml version="1.0" encoding="UTF-8"?>
<coverage generated="1675261311991" clover="3.2.0">
  <project timestamp="1675261311992" name="All files">
    <metrics statements="9" coveredstatements="7" conditionals="7" coveredconditionals="6" methods="2" coveredmethods="2" elements="18" coveredelements="15" complexity="0" loc="9" ncloc="9" packages="1" files="1" classes="1"/>
    <file name="functions.ts" path="C:\Users\ntlj_\Desktop\test-assignment-integrationtest\src\ts\functions.ts">
      <metrics statements="9" coveredstatements="7" conditionals="7" coveredconditionals="6" methods="2" coveredmethods="2"/>
      <line num="3" count="1" type="cond" truecount="0" falsecount="1"/>
      <line num="4" count="2" type="stmt"/>
      <line num="5" count="7" type="cond" truecount="2" falsecount="0"/>
      <line num="6" count="3" type="cond" truecount="1" falsecount="0"/>
      <line num="7" count="1" type="cond" truecount="1" falsecount="0"/>
      <line num="9" count="0" type="stmt"/>
      <line num="11" count="4" type="cond" truecount="1" falsecount="0"/>
      <line num="12" count="1" type="cond" truecount="1" falsecount="0"/>
      <line num="14" count="0" type="stmt"/>
    </file>
  </project>
</coverage>
